[0507/113405.486:ERROR:process_reader_win.cc(123)] NtOpenThread: {Access Denied} A process has requested access to an object, but has not been granted those access rights. (0xc0000022)
[0507/113405.482:ERROR:process_reader_win.cc(123)] NtOpenThread: {Access Denied} A process has requested access to an object, but has not been granted those access rights. (0xc0000022)
[0507/113405.479:ERROR:process_reader_win.cc(123)] NtOpenThread: {Access Denied} A process has requested access to an object, but has not been granted those access rights. (0xc0000022)
[0507/113405.564:ERROR:exception_snapshot_win.cc(98)] thread ID 122940 not found in process
[0507/113405.564:ERROR:exception_snapshot_win.cc(98)] thread ID 124944 not found in process
[0507/113405.564:ERROR:exception_snapshot_win.cc(98)] thread ID 127420 not found in process
[0507/113405.687:ERROR:process_info.cc(329)] VirtualQueryEx: Access is denied. (0x5)
[0507/113405.687:ERROR:process_info.cc(556)] ReadMemoryInfo failed
[0507/113405.687:ERROR:process_memory_win.cc(39)] Failed to initialize ProcessInfo.
[0507/113405.711:ERROR:process_info.cc(329)] VirtualQueryEx: Access is denied. (0x5)
[0507/113405.711:ERROR:process_info.cc(556)] ReadMemoryInfo failed
[0507/113405.707:ERROR:scoped_process_suspend.cc(40)] NtResumeProcess: An attempt was made to access an exiting process. (0xc000010a)
[0507/113405.711:ERROR:scoped_process_suspend.cc(40)] NtResumeProcess: An attempt was made to access an exiting process. (0xc000010a)
[0513/122103.056:ERROR:process_reader_win.cc(123)] NtOpenThread: {Access Denied} A process has requested access to an object, but has not been granted those access rights. (0xc0000022)
[0513/122103.240:ERROR:exception_snapshot_win.cc(98)] thread ID 112764 not found in process
[0513/122103.417:ERROR:process_info.cc(329)] VirtualQueryEx: Access is denied. (0x5)
[0513/122103.418:ERROR:process_info.cc(556)] ReadMemoryInfo failed
[0513/122103.444:ERROR:process_info.cc(329)] VirtualQueryEx: Access is denied. (0x5)
[0513/122103.451:ERROR:process_info.cc(556)] ReadMemoryInfo failed
[0513/122103.451:ERROR:process_memory_win.cc(39)] Failed to initialize ProcessInfo.
[0513/122103.410:ERROR:process_info.cc(329)] VirtualQueryEx: Access is denied. (0x5)
[0513/122103.461:ERROR:process_info.cc(556)] ReadMemoryInfo failed
[0513/122103.461:ERROR:process_memory_win.cc(39)] Failed to initialize ProcessInfo.
[0513/122103.418:ERROR:scoped_process_suspend.cc(40)] NtResumeProcess: An attempt was made to access an exiting process. (0xc000010a)
[0513/122103.461:ERROR:scoped_process_suspend.cc(40)] NtResumeProcess: An attempt was made to access an exiting process. (0xc000010a)
[0513/122103.451:ERROR:scoped_process_suspend.cc(40)] NtResumeProcess: An attempt was made to access an exiting process. (0xc000010a)
